<?xml version="1.0" encoding="UTF-8"?>
<!-- Generated by org.testng.reporters.JUnitXMLReporter -->
<testsuite hostname="LIN65000528" name="Default test" tests="2" failures="0" timestamp="7 Oct 2019 06:01:55 GMT" time="120.114" errors="0">
  <testcase name="testMaintainDepositReason" time="36.053" classname="com.liberate.tests.MaintainDepositReasonTest"/>
  <testcase name="testMaintainDepositReason" time="28.855" classname="com.liberate.tests.MaintainDepositReasonTest"/>
</testsuite> <!-- Default test -->
